Start testing: Sep 05 16:58 CEST
----------------------------------------------------------
Unable to find executable: StackTests_NOT_BUILT
1/1 Testing: StackTests_NOT_BUILT
1/1 Test: StackTests_NOT_BUILT
Command: ""
Directory: /home/mauro/CLionProjects/stack/build
"StackTests_NOT_BUILT" start time: 
Output:
----------------------------------------------------------
<end of output>
Test time =   0.00 sec
----------------------------------------------------------
Test Passed.
"StackTests_NOT_BUILT" end time: Sep 05 16:58 CEST
"StackTests_NOT_BUILT" time elapsed: 00:00:00
----------------------------------------------------------

End testing: Sep 05 16:58 CEST
